

1 + 2 * 3 / 4

-- Result:

(1 + ((2 * 3) / 4))

--------------------------------------------------------------------------------

let pyth a b = a * a + b * b
  in pyth 3 * 2 pyth -1 8

-- Result:

(let pyth a b = ((a * a) + (b * b))
  in ((pyth 3 * 2 pyth) - 1 8))

--------------------------------------------------------------------------------

5 + 2 * let x = 50
            y = 90
         in x + y

-- Result:

(5 + (2 * (let x = 50
               y = 90
         in (x + y))))

--------------------------------------------------------------------------------

foo . bar $ do stmt1
               let pat1 = rhs1
                   pat2 = rhs2 / 3 + 1 where pat3 = rhs3
                                             pat4 = rhs4
               stmt

-- Result:

foo . bar   (do stmt1
                let pat1 = rhs1
                    pat2 = ((rhs2 / 3) + 1) where pat3 = rhs3
                                                  pat4 = rhs4
                stmt

 )

--------------------------------------------------------------------------------
